[    2082ms] Error: Minified React error #425; visit https://react.dev/errors/425 for the full message or use the non-minified dev environment for full errors and additional helpful warnings.
    at sq (https://www.foguetim.com.br/_next/static/chunks/fd9d1056-1579fca24fcd1b11.js:1:146768)
    at https://www.foguetim.com.br/_next/static/chunks/fd9d1056-1579fca24fcd1b11.js:1:101026
    at iu (https://www.foguetim.com.br/_next/static/chunks/fd9d1056-1579fca24fcd1b11.js:1:103870)
    at ia (https://www.foguetim.com.br/_next/static/chunks/fd9d1056-1579fca24fcd1b11.js:1:95226)
    at https://www.foguetim.com.br/_next/static/chunks/fd9d1056-1579fca24fcd1b11.js:1:91091
    at https://www.foguetim.com.br/_next/static/chunks/fd9d1056-1579fca24fcd1b11.js:1:91098
    at oZ (https://www.foguetim.com.br/_next/static/chunks/fd9d1056-1579fca24fcd1b11.js:1:91203)
    at MessagePort.T (https://www.foguetim.com.br/_next/static/chunks/7023-690157d472cbd18c.js:1:84042)
[    2083ms] Error: Minified React error #425; visit https://react.dev/errors/425 for the full message or use the non-minified dev environment for full errors and additional helpful warnings.
    at sq (https://www.foguetim.com.br/_next/static/chunks/fd9d1056-1579fca24fcd1b11.js:1:146768)
    at https://www.foguetim.com.br/_next/static/chunks/fd9d1056-1579fca24fcd1b11.js:1:101026
    at iu (https://www.foguetim.com.br/_next/static/chunks/fd9d1056-1579fca24fcd1b11.js:1:103870)
    at ia (https://www.foguetim.com.br/_next/static/chunks/fd9d1056-1579fca24fcd1b11.js:1:95226)
    at https://www.foguetim.com.br/_next/static/chunks/fd9d1056-1579fca24fcd1b11.js:1:91091
    at https://www.foguetim.com.br/_next/static/chunks/fd9d1056-1579fca24fcd1b11.js:1:91098
    at oZ (https://www.foguetim.com.br/_next/static/chunks/fd9d1056-1579fca24fcd1b11.js:1:91203)
    at MessagePort.T (https://www.foguetim.com.br/_next/static/chunks/7023-690157d472cbd18c.js:1:84042)
[    2084ms] Error: Minified React error #425; visit https://react.dev/errors/425 for the full message or use the non-minified dev environment for full errors and additional helpful warnings.
    at sq (https://www.foguetim.com.br/_next/static/chunks/fd9d1056-1579fca24fcd1b11.js:1:146768)
    at https://www.foguetim.com.br/_next/static/chunks/fd9d1056-1579fca24fcd1b11.js:1:101026
    at iu (https://www.foguetim.com.br/_next/static/chunks/fd9d1056-1579fca24fcd1b11.js:1:103870)
    at ia (https://www.foguetim.com.br/_next/static/chunks/fd9d1056-1579fca24fcd1b11.js:1:95226)
    at https://www.foguetim.com.br/_next/static/chunks/fd9d1056-1579fca24fcd1b11.js:1:91091
    at https://www.foguetim.com.br/_next/static/chunks/fd9d1056-1579fca24fcd1b11.js:1:91098
    at oZ (https://www.foguetim.com.br/_next/static/chunks/fd9d1056-1579fca24fcd1b11.js:1:91203)
    at MessagePort.T (https://www.foguetim.com.br/_next/static/chunks/7023-690157d472cbd18c.js:1:84042)
[    2084ms] Error: Minified React error #425; visit https://react.dev/errors/425 for the full message or use the non-minified dev environment for full errors and additional helpful warnings.
    at sq (https://www.foguetim.com.br/_next/static/chunks/fd9d1056-1579fca24fcd1b11.js:1:146768)
    at https://www.foguetim.com.br/_next/static/chunks/fd9d1056-1579fca24fcd1b11.js:1:101026
    at iu (https://www.foguetim.com.br/_next/static/chunks/fd9d1056-1579fca24fcd1b11.js:1:103870)
    at ia (https://www.foguetim.com.br/_next/static/chunks/fd9d1056-1579fca24fcd1b11.js:1:95226)
    at https://www.foguetim.com.br/_next/static/chunks/fd9d1056-1579fca24fcd1b11.js:1:91091
    at https://www.foguetim.com.br/_next/static/chunks/fd9d1056-1579fca24fcd1b11.js:1:91098
    at oZ (https://www.foguetim.com.br/_next/static/chunks/fd9d1056-1579fca24fcd1b11.js:1:91203)
    at MessagePort.T (https://www.foguetim.com.br/_next/static/chunks/7023-690157d472cbd18c.js:1:84042)
[    2084ms] Error: Minified React error #425; visit https://react.dev/errors/425 for the full message or use the non-minified dev environment for full errors and additional helpful warnings.
    at sq (https://www.foguetim.com.br/_next/static/chunks/fd9d1056-1579fca24fcd1b11.js:1:146768)
    at https://www.foguetim.com.br/_next/static/chunks/fd9d1056-1579fca24fcd1b11.js:1:101026
    at iu (https://www.foguetim.com.br/_next/static/chunks/fd9d1056-1579fca24fcd1b11.js:1:103870)
    at ia (https://www.foguetim.com.br/_next/static/chunks/fd9d1056-1579fca24fcd1b11.js:1:95226)
    at https://www.foguetim.com.br/_next/static/chunks/fd9d1056-1579fca24fcd1b11.js:1:91091
    at https://www.foguetim.com.br/_next/static/chunks/fd9d1056-1579fca24fcd1b11.js:1:91098
    at oZ (https://www.foguetim.com.br/_next/static/chunks/fd9d1056-1579fca24fcd1b11.js:1:91203)
    at MessagePort.T (https://www.foguetim.com.br/_next/static/chunks/7023-690157d472cbd18c.js:1:84042)
[    2085ms] Error: Minified React error #418; visit https://react.dev/errors/418 for the full message or use the non-minified dev environment for full errors and additional helpful warnings.
    at t5 (https://www.foguetim.com.br/_next/static/chunks/fd9d1056-1579fca24fcd1b11.js:1:24673)
    at iZ (https://www.foguetim.com.br/_next/static/chunks/fd9d1056-1579fca24fcd1b11.js:1:120538)
    at ia (https://www.foguetim.com.br/_next/static/chunks/fd9d1056-1579fca24fcd1b11.js:1:95165)
    at https://www.foguetim.com.br/_next/static/chunks/fd9d1056-1579fca24fcd1b11.js:1:91091
    at https://www.foguetim.com.br/_next/static/chunks/fd9d1056-1579fca24fcd1b11.js:1:91098
    at oZ (https://www.foguetim.com.br/_next/static/chunks/fd9d1056-1579fca24fcd1b11.js:1:91203)
    at MessagePort.T (https://www.foguetim.com.br/_next/static/chunks/7023-690157d472cbd18c.js:1:84042)
[    2085ms] Error: Minified React error #423; visit https://react.dev/errors/423 for the full message or use the non-minified dev environment for full errors and additional helpful warnings.
    at iZ (https://www.foguetim.com.br/_next/static/chunks/fd9d1056-1579fca24fcd1b11.js:1:118352)
    at ia (https://www.foguetim.com.br/_next/static/chunks/fd9d1056-1579fca24fcd1b11.js:1:95165)
    at https://www.foguetim.com.br/_next/static/chunks/fd9d1056-1579fca24fcd1b11.js:1:94987
    at il (https://www.foguetim.com.br/_next/static/chunks/fd9d1056-1579fca24fcd1b11.js:1:94994)
    at oJ (https://www.foguetim.com.br/_next/static/chunks/fd9d1056-1579fca24fcd1b11.js:1:92350)
    at oZ (https://www.foguetim.com.br/_next/static/chunks/fd9d1056-1579fca24fcd1b11.js:1:91769)
    at MessagePort.T (https://www.foguetim.com.br/_next/static/chunks/7023-690157d472cbd18c.js:1:84042)
